08:12:41 [DEBUG] (1) cs2_sdk::analysis::buttons: found "lookatweapon" at 0x7FFAD1854150 (client.dll + 0x2354150)
08:12:41 [DEBUG] (1) cs2_sdk::analysis::buttons: found "zoom" at 0x7FFAD18540C0 (client.dll + 0x23540C0)
08:12:41 [DEBUG] (1) cs2_sdk::analysis::buttons: found "showscores" at 0x7FFAD1854030 (client.dll + 0x2354030)
08:12:41 [DEBUG] (1) cs2_sdk::analysis::buttons: found "duck" at 0x7FFAD1564030 (client.dll + 0x2064030)
08:12:41 [DEBUG] (1) cs2_sdk::analysis::buttons: found "jump" at 0x7FFAD1563FA0 (client.dll + 0x2063FA0)
08:12:41 [DEBUG] (1) cs2_sdk::analysis::buttons: found "use" at 0x7FFAD1563F10 (client.dll + 0x2063F10)
08:12:41 [DEBUG] (1) cs2_sdk::analysis::buttons: found "right" at 0x7FFAD1563E80 (client.dll + 0x2063E80)
08:12:41 [DEBUG] (1) cs2_sdk::analysis::buttons: found "left" at 0x7FFAD1563DF0 (client.dll + 0x2063DF0)
08:12:41 [DEBUG] (1) cs2_sdk::analysis::buttons: found "back" at 0x7FFAD1563D60 (client.dll + 0x2063D60)
08:12:41 [DEBUG] (1) cs2_sdk::analysis::buttons: found "forward" at 0x7FFAD1563CD0 (client.dll + 0x2063CD0)
08:12:41 [DEBUG] (1) cs2_sdk::analysis::buttons: found "turnright" at 0x7FFAD1563C40 (client.dll + 0x2063C40)
08:12:41 [DEBUG] (1) cs2_sdk::analysis::buttons: found "turnleft" at 0x7FFAD1563BB0 (client.dll + 0x2063BB0)
08:12:41 [DEBUG] (1) cs2_sdk::analysis::buttons: found "attack2" at 0x7FFAD1563B20 (client.dll + 0x2063B20)
08:12:41 [DEBUG] (1) cs2_sdk::analysis::buttons: found "attack" at 0x7FFAD1563A90 (client.dll + 0x2063A90)
08:12:41 [DEBUG] (1) cs2_sdk::analysis::buttons: found "reload" at 0x7FFAD1563A00 (client.dll + 0x2063A00)
08:12:41 [DEBUG] (1) cs2_sdk::analysis::buttons: found "sprint" at 0x7FFAD1563970 (client.dll + 0x2063970)
08:12:41 [INFO] found 16 buttons
08:12:41 [DEBUG] (1) cs2_sdk::analysis::interfaces: found "VStringTokenSystem001" at 0x7FFAE56500B0 (tier0.dll + 0x3D00B0)
08:12:41 [DEBUG] (1) cs2_sdk::analysis::interfaces: found "TestScriptMgr001" at 0x7FFAE561E6F0 (tier0.dll + 0x39E6F0)
08:12:41 [DEBUG] (1) cs2_sdk::analysis::interfaces: found "VProcessUtils002" at 0x7FFAE561E690 (tier0.dll + 0x39E690)
08:12:41 [DEBUG] (1) cs2_sdk::analysis::interfaces: found "VEngineCvar007" at 0x7FFAE56293B0 (tier0.dll + 0x3A93B0)
08:12:41 [DEBUG] (1) cs2_sdk::analysis::interfaces: found "SimpleEngineLoopService_001" at 0x7FFAE4F333F0 (engine2.dll + 0x6133F0)
08:12:41 [DEBUG] (1) cs2_sdk::analysis::interfaces: found "ClientServerEngineLoopService_001" at 0x7FFAE522C0E0 (engine2.dll + 0x90C0E0)
08:12:41 [DEBUG] (1) cs2_sdk::analysis::interfaces: found "KeyValueCache001" at 0x7FFAE4F33390 (engine2.dll + 0x613390)
08:12:41 [DEBUG] (1) cs2_sdk::analysis::interfaces: found "HostStateMgr001" at 0x7FFAE4F332E0 (engine2.dll + 0x6132E0)
08:12:41 [DEBUG] (1) cs2_sdk::analysis::interfaces: found "GameEventSystemServerV001" at 0x7FFAE522BDD0 (engine2.dll + 0x90BDD0)
08:12:41 [DEBUG] (1) cs2_sdk::analysis::interfaces: found "GameEventSystemClientV001" at 0x7FFAE522BCA0 (engine2.dll + 0x90BCA0)
08:12:41 [DEBUG] (1) cs2_sdk::analysis::interfaces: found "EngineServiceMgr001" at 0x7FFAE522B9C0 (engine2.dll + 0x90B9C0)
08:12:41 [DEBUG] (1) cs2_sdk::analysis::interfaces: found "ClientServerSharedHandleSystem001" at 0x7FFAE522B690 (engine2.dll + 0x90B690)
08:12:41 [DEBUG] (1) cs2_sdk::analysis::interfaces: found "VProfService_001" at 0x7FFAE4F33190 (engine2.dll + 0x613190)
08:12:41 [DEBUG] (1) cs2_sdk::analysis::interfaces: found "ToolService_001" at 0x7FFAE4F33150 (engine2.dll + 0x613150)
08:12:41 [DEBUG] (1) cs2_sdk::analysis::interfaces: found "StatsService_001" at 0x7FFAE522AEE0 (engine2.dll + 0x90AEE0)
08:12:41 [DEBUG] (1) cs2_sdk::analysis::interfaces: found "SplitScreenService_001" at 0x7FFAE4F32F90 (engine2.dll + 0x612F90)
08:12:41 [DEBUG] (1) cs2_sdk::analysis::interfaces: found "SoundService_001" at 0x7FFAE4F32CB0 (engine2.dll + 0x612CB0)
08:12:41 [DEBUG] (1) cs2_sdk::analysis::interfaces: found "ScreenshotService001" at 0x7FFAE522AB20 (engine2.dll + 0x90AB20)
08:12:41 [DEBUG] (1) cs2_sdk::analysis::interfaces: found "RenderService_001" at 0x7FFAE522A860 (engine2.dll + 0x90A860)
08:12:41 [DEBUG] (1) cs2_sdk::analysis::interfaces: found "NetworkService_001" at 0x7FFAE4F32C70 (engine2.dll + 0x612C70)
08:12:41 [DEBUG] (1) cs2_sdk::analysis::interfaces: found "NetworkServerService_001" at 0x7FFAE522A5F0 (engine2.dll + 0x90A5F0)
08:12:41 [DEBUG] (1) cs2_sdk::analysis::interfaces: found "NetworkP2PService_001" at 0x7FFAE522A440 (engine2.dll + 0x90A440)
08:12:41 [DEBUG] (1) cs2_sdk::analysis::interfaces: found "NetworkClientService_001" at 0x7FFAE522A100 (engine2.dll + 0x90A100)
08:12:41 [DEBUG] (1) cs2_sdk::analysis::interfaces: found "MapListService_001" at 0x7FFAE5229F70 (engine2.dll + 0x909F70)
08:12:41 [DEBUG] (1) cs2_sdk::analysis::interfaces: found "InputService_001" at 0x7FFAE51EB100 (engine2.dll + 0x8CB100)
08:12:41 [DEBUG] (1) cs2_sdk::analysis::interfaces: found "GameUIService_001" at 0x7FFAE51EAE10 (engine2.dll + 0x8CAE10)
08:12:41 [DEBUG] (1) cs2_sdk::analysis::interfaces: found "GameResourceServiceServerV001" at 0x7FFAE4F32B00 (engine2.dll + 0x612B00)
08:12:41 [DEBUG] (1) cs2_sdk::analysis::interfaces: found "GameResourceServiceClientV001" at 0x7FFAE4F32AA0 (engine2.dll + 0x612AA0)
08:12:41 [DEBUG] (1) cs2_sdk::analysis::interfaces: found "BugService001" at 0x7FFAE51EA9E0 (engine2.dll + 0x8CA9E0)
08:12:41 [DEBUG] (1) cs2_sdk::analysis::interfaces: found "BenchmarkService001" at 0x7FFAE4F329A0 (engine2.dll + 0x6129A0)
08:12:41 [DEBUG] (1) cs2_sdk::analysis::interfaces: found "VENGINE_GAMEUIFUNCS_VERSION005" at 0x7FFAE4F30330 (engine2.dll + 0x610330)
08:12:41 [DEBUG] (1) cs2_sdk::analysis::interfaces: found "EngineGameUI001" at 0x7FFAE4F302A0 (engine2.dll + 0x6102A0)
08:12:41 [DEBUG] (1) cs2_sdk::analysis::interfaces: found "INETSUPPORT_001" at 0x7FFAE4F2C040 (engine2.dll + 0x60C040)
08:12:41 [DEBUG] (1) cs2_sdk::analysis::interfaces: found "Source2EngineToServerStringTable001" at 0x7FFAE4F2FCA0 (engine2.dll + 0x60FCA0)
08:12:41 [DEBUG] (1) cs2_sdk::analysis::interfaces: found "Source2EngineToServer001" at 0x7FFAE4F2FC78 (engine2.dll + 0x60FC78)
08:12:41 [DEBUG] (1) cs2_sdk::analysis::interfaces: found "Source2EngineToClientStringTable001" at 0x7FFAE4F2FC00 (engine2.dll + 0x60FC00)
08:12:41 [DEBUG] (1) cs2_sdk::analysis::interfaces: found "Source2EngineToClient001" at 0x7FFAE4F2FBA0 (engine2.dll + 0x60FBA0)
08:12:41 [DEBUG] (1) cs2_sdk::analysis::interfaces: found "VConComm001" at 0x7FFB57B095C0 (vconcomm.dll + 0x395C0)
08:12:41 [DEBUG] (1) cs2_sdk::analysis::interfaces: found "VAsyncFileSystem2_001" at 0x7FFAE42359E0 (filesystem_stdio.dll + 0x2159E0)
08:12:41 [DEBUG] (1) cs2_sdk::analysis::interfaces: found "VFileSystem017" at 0x7FFAE42357A0 (filesystem_stdio.dll + 0x2157A0)
08:12:41 [DEBUG] (1) cs2_sdk::analysis::interfaces: found "InputSystemVersion001" at 0x7FFB37B22B50 (inputsystem.dll + 0x42B50)
08:12:41 [DEBUG] (1) cs2_sdk::analysis::interfaces: found "InputStackSystemVersion001" at 0x7FFB37B20E30 (inputsystem.dll + 0x40E30)
08:12:41 [DEBUG] (1) cs2_sdk::analysis::interfaces: found "IMEManager001" at 0x7FFB3A456B20 (imemanager.dll + 0x36B20)
08:12:41 [DEBUG] (1) cs2_sdk::analysis::interfaces: found "Localize_001" at 0x7FFB29AE2180 (localize.dll + 0x62180)
08:12:41 [DEBUG] (1) cs2_sdk::analysis::interfaces: found "RenderUtils_001" at 0x7FFAE3F7BE28 (rendersystemdx11.dll + 0x42BE28)
08:12:41 [DEBUG] (1) cs2_sdk::analysis::interfaces: found "VRenderDeviceMgrBackdoor001" at 0x7FFAE3F7B5D0 (rendersystemdx11.dll + 0x42B5D0)
08:12:41 [DEBUG] (1) cs2_sdk::analysis::interfaces: found "RenderDeviceMgr001" at 0x7FFAE3F7B530 (rendersystemdx11.dll + 0x42B530)
08:12:41 [DEBUG] (1) cs2_sdk::analysis::interfaces: found "ResourceSystem013" at 0x7FFB293131E0 (resourcesystem.dll + 0x831E0)
08:12:41 [DEBUG] (1) cs2_sdk::analysis::interfaces: found "SchemaSystem_001" at 0x7FFB27D36800 (schemasystem.dll + 0x76800)
08:12:41 [DEBUG] (1) cs2_sdk::analysis::interfaces: found "MaterialUtils_001" at 0x7FFAE36E5D40 (materialsystem2.dll + 0x145D40)
08:12:41 [DEBUG] (1) cs2_sdk::analysis::interfaces: found "TextLayout_001" at 0x7FFAE36E5CD0 (materialsystem2.dll + 0x145CD0)
08:12:41 [DEBUG] (1) cs2_sdk::analysis::interfaces: found "PostProcessingSystem_001" at 0x7FFAE36E5C50 (materialsystem2.dll + 0x145C50)
08:12:41 [DEBUG] (1) cs2_sdk::analysis::interfaces: found "FontManager_001" at 0x7FFAE36FDE60 (materialsystem2.dll + 0x15DE60)
08:12:41 [DEBUG] (1) cs2_sdk::analysis::interfaces: found "VMaterialSystem2_001" at 0x7FFAE36FD750 (materialsystem2.dll + 0x15D750)
08:12:41 [DEBUG] (1) cs2_sdk::analysis::interfaces: found "MeshSystem001" at 0x7FFAE3500C20 (meshsystem.dll + 0x150C20)
08:12:41 [DEBUG] (1) cs2_sdk::analysis::interfaces: found "WorldRendererMgr001" at 0x7FFAE3375C60 (worldrenderer.dll + 0x225C60)
08:12:41 [DEBUG] (1) cs2_sdk::analysis::interfaces: found "IPulseSystem_001" at 0x7FFAE1EC36A0 (pulse_system.dll + 0x1F36A0)
08:12:41 [DEBUG] (1) cs2_sdk::analysis::interfaces: found "VScriptManager010" at 0x7FFAE5E4B410 (vscript.dll + 0x13B410)
08:12:41 [DEBUG] (1) cs2_sdk::analysis::interfaces: found "SerializedEntitiesVersion001" at 0x7FFAE1C97F90 (networksystem.dll + 0x287F90)
08:12:41 [DEBUG] (1) cs2_sdk::analysis::interfaces: found "NetworkSystemVersion001" at 0x7FFAE1C97EA0 (networksystem.dll + 0x287EA0)
08:12:41 [DEBUG] (1) cs2_sdk::analysis::interfaces: found "NetworkMessagesVersion001" at 0x7FFAE1CA6A60 (networksystem.dll + 0x296A60)
08:12:41 [DEBUG] (1) cs2_sdk::analysis::interfaces: found "FlattenedSerializersVersion001" at 0x7FFAE1C7E750 (networksystem.dll + 0x26E750)
08:12:41 [DEBUG] (1) cs2_sdk::analysis::interfaces: found "AnimationSystemUtils_001" at 0x7FFAE1672190 (animationsystem.dll + 0x812190)
08:12:41 [DEBUG] (1) cs2_sdk::analysis::interfaces: found "AnimationSystem_001" at 0x7FFAE166A0B0 (animationsystem.dll + 0x80A0B0)
08:12:41 [DEBUG] (1) cs2_sdk::analysis::interfaces: found "VPhysics2_Interface_001" at 0x7FFAE0D2DDA0 (vphysics2.dll + 0x40DDA0)
08:12:41 [DEBUG] (1) cs2_sdk::analysis::interfaces: found "SoundOpSystem001" at 0x7FFAE07A29B0 (soundsystem.dll + 0x5129B0)
08:12:41 [DEBUG] (1) cs2_sdk::analysis::interfaces: found "SoundOpSystemEdit001" at 0x7FFAE07A2870 (soundsystem.dll + 0x512870)
08:12:41 [DEBUG] (1) cs2_sdk::analysis::interfaces: found "VMixEditTool001" at 0x7FFAE5BD879F (soundsystem.dll + 0x594879F)
08:12:41 [DEBUG] (1) cs2_sdk::analysis::interfaces: found "SoundSystem001" at 0x7FFAE07A2360 (soundsystem.dll + 0x512360)
08:12:41 [DEBUG] (1) cs2_sdk::analysis::interfaces: found "SteamAudio001" at 0x7FFAE025E620 (steamaudio.dll + 0x25E620)
08:12:41 [DEBUG] (1) cs2_sdk::analysis::interfaces: found "SceneUtils_001" at 0x7FFADCB24AB0 (scenesystem.dll + 0x664AB0)
08:12:41 [DEBUG] (1) cs2_sdk::analysis::interfaces: found "SceneSystem_002" at 0x7FFADCD9B490 (scenesystem.dll + 0x8DB490)
08:12:41 [DEBUG] (1) cs2_sdk::analysis::interfaces: found "RenderingPipelines_001" at 0x7FFADCB23BA0 (scenesystem.dll + 0x663BA0)
08:12:41 [DEBUG] (1) cs2_sdk::analysis::interfaces: found "ParticleSystemMgr003" at 0x7FFADC22A370 (particles.dll + 0x54A370)
08:12:41 [DEBUG] (1) cs2_sdk::analysis::interfaces: found "PanoramaUIClient001" at 0x7FFADBC96420 (panoramauiclient.dll + 0x296420)
08:12:41 [DEBUG] (1) cs2_sdk::analysis::interfaces: found "PanoramaUIEngine001" at 0x7FFAD6B35D20 (panorama.dll + 0x505D20)
08:12:41 [DEBUG] (1) cs2_sdk::analysis::interfaces: found "PanoramaTextServices001" at 0x7FFAD6608A40 (panorama_text_pango.dll + 0x2B8A40)
08:12:41 [DEBUG] (1) cs2_sdk::analysis::interfaces: found "Source2V8System001" at 0x7FFB37F61730 (v8system.dll + 0x31730)
08:12:41 [DEBUG] (1) cs2_sdk::analysis::interfaces: found "NavGameTest001" at 0x7FFAD5AA4230 (server.dll + 0x1CA4230)
08:12:41 [DEBUG] (1) cs2_sdk::analysis::interfaces: found "ServerToolsInfo_001" at 0x7FFAD5A51238 (server.dll + 0x1C51238)
08:12:41 [DEBUG] (1) cs2_sdk::analysis::interfaces: found "Source2GameClients001" at 0x7FFAD5A4FC90 (server.dll + 0x1C4FC90)
08:12:41 [DEBUG] (1) cs2_sdk::analysis::interfaces: found "Source2GameEntities001" at 0x7FFAD5A50940 (server.dll + 0x1C50940)
08:12:41 [DEBUG] (1) cs2_sdk::analysis::interfaces: found "Source2Server001" at 0x7FFAD5A50790 (server.dll + 0x1C50790)
08:12:41 [DEBUG] (1) cs2_sdk::analysis::interfaces: found "EmptyWorldService001_Server" at 0x7FFAD59F7D40 (server.dll + 0x1BF7D40)
08:12:41 [DEBUG] (1) cs2_sdk::analysis::interfaces: found "Source2ServerConfig001" at 0x7FFAD5D06B68 (server.dll + 0x1F06B68)
08:12:41 [DEBUG] (1) cs2_sdk::analysis::interfaces: found "EntitySubclassUtilsV001" at 0x7FFAD59A3380 (server.dll + 0x1BA3380)
08:12:41 [DEBUG] (1) cs2_sdk::analysis::interfaces: found "customnavsystem001" at 0x7FFAD5984668 (server.dll + 0x1B84668)
08:12:41 [DEBUG] (1) cs2_sdk::analysis::interfaces: found "Source2GameDirector001" at 0x7FFAD5BE98E0 (server.dll + 0x1DE98E0)
08:12:41 [DEBUG] (1) cs2_sdk::analysis::interfaces: found "LegacyGameUI001" at 0x7FFAD157B480 (client.dll + 0x207B480)
08:12:41 [DEBUG] (1) cs2_sdk::analysis::interfaces: found "Source2ClientUI001" at 0x7FFAD15799E0 (client.dll + 0x20799E0)
08:12:41 [DEBUG] (1) cs2_sdk::analysis::interfaces: found "Source2ClientPrediction001" at 0x7FFAD183F5A0 (client.dll + 0x233F5A0)
08:12:41 [DEBUG] (1) cs2_sdk::analysis::interfaces: found "ClientToolsInfo_001" at 0x7FFAD15632C0 (client.dll + 0x20632C0)
08:12:41 [DEBUG] (1) cs2_sdk::analysis::interfaces: found "Source2Client002" at 0x7FFAD183A100 (client.dll + 0x233A100)
08:12:41 [DEBUG] (1) cs2_sdk::analysis::interfaces: found "GameClientExports001" at 0x7FFAD155FF60 (client.dll + 0x205FF60)
08:12:41 [DEBUG] (1) cs2_sdk::analysis::interfaces: found "EmptyWorldService001_Client" at 0x7FFAD1526AF0 (client.dll + 0x2026AF0)
08:12:41 [DEBUG] (1) cs2_sdk::analysis::interfaces: found "Source2ClientConfig001" at 0x7FFAD17ABF60 (client.dll + 0x22ABF60)
08:12:41 [DEBUG] (1) cs2_sdk::analysis::interfaces: found "Source2Host001" at 0x7FFAD27693C0 (host.dll + 0x1393C0)
08:12:41 [DEBUG] (1) cs2_sdk::analysis::interfaces: found "SinglePlayerSharedMemory001" at 0x7FFAD2769350 (host.dll + 0x139350)
08:12:41 [DEBUG] (1) cs2_sdk::analysis::interfaces: found "SaveRestoreDataVersion001" at 0x7FFAD2769320 (host.dll + 0x139320)
08:12:41 [DEBUG] (1) cs2_sdk::analysis::interfaces: found "PredictionDiffManager001" at 0x7FFAD27691F0 (host.dll + 0x1391F0)
08:12:41 [DEBUG] (1) cs2_sdk::analysis::interfaces: found "HostUtils001" at 0x7FFAD2778AB0 (host.dll + 0x148AB0)
08:12:41 [DEBUG] (1) cs2_sdk::analysis::interfaces: found "GameSystem2HostHook" at 0x7FFAD27690E0 (host.dll + 0x1390E0)
08:12:41 [DEBUG] (1) cs2_sdk::analysis::interfaces: found "GameModelInfo001" at 0x7FFAD27690A0 (host.dll + 0x1390A0)
08:12:41 [DEBUG] (1) cs2_sdk::analysis::interfaces: found "DebugDrawQueueManager001" at 0x7FFAD2769060 (host.dll + 0x139060)
08:12:41 [DEBUG] (1) cs2_sdk::analysis::interfaces: found "SceneFileCache002" at 0x7FFAEB405A78 (scenefilecache.dll + 0xF5A78)
08:12:41 [DEBUG] (1) cs2_sdk::analysis::interfaces: found "ResponseRulesCache001" at 0x7FFAEB4058F0 (scenefilecache.dll + 0xF58F0)
08:12:41 [DEBUG] (1) cs2_sdk::analysis::interfaces: found "GameTypes001" at 0x7FFAD22C0F80 (matchmaking.dll + 0x1B0F80)
08:12:41 [DEBUG] (1) cs2_sdk::analysis::interfaces: found "MATCHFRAMEWORK_001" at 0x7FFAD22C9060 (matchmaking.dll + 0x1B9060)
08:12:41 [DEBUG] (1) cs2_sdk::analysis::interfaces: found "NavSystem001" at 0x7FFAD2602930 (navsystem.dll + 0x122930)
08:12:41 [INFO] found 109 interfaces across 32 modules
08:12:42 [DEBUG] (1) cs2_sdk::analysis::offsets::client: found "dwCSGOInput" at 0x7FFAD1854230 (client.dll + 0x2354230)
08:12:42 [DEBUG] (1) cs2_sdk::analysis::offsets::client: found "dwEntityList" at 0x7FFAD19E5590 (client.dll + 0x24E5590)
08:12:42 [DEBUG] (1) cs2_sdk::analysis::offsets::client: found "dwGameEntitySystem" at 0x7FFAD19E5590 (client.dll + 0x24E5590)
08:12:42 [DEBUG] (1) cs2_sdk::analysis::offsets::client: found "dwGameEntitySystem_highestEntityIndex" at 0x7FFACF502090 (client.dll + 0x2090)
08:12:42 [DEBUG] (1) cs2_sdk::analysis::offsets::client: found "dwGameRules" at 0x7FFAD0F00BA8 (client.dll + 0x1A00BA8)
08:12:42 [DEBUG] (1) cs2_sdk::analysis::offsets::client: found "dwGlobalVars" at 0x7FFAD155F6D0 (client.dll + 0x205F6D0)
08:12:42 [DEBUG] (1) cs2_sdk::analysis::offsets::client: found "dwGlowManager" at 0x7FFAD183BF50 (client.dll + 0x233BF50)
08:12:42 [DEBUG] (1) cs2_sdk::analysis::offsets::client: found "dwLocalPlayerController" at 0x7FFAD181E700 (client.dll + 0x231E700)
08:12:42 [DEBUG] (1) cs2_sdk::analysis::offsets::client: found "dwLocalPlayerPawn" at 0x7FFAD183F698 (client.dll + 0x233F698)
08:12:42 [DEBUG] (1) cs2_sdk::analysis::offsets::client: found "dwPlantedC4" at 0x7FFAD184DF88 (client.dll + 0x234DF88)
08:12:42 [DEBUG] (1) cs2_sdk::analysis::offsets::client: found "dwPrediction" at 0x7FFAD183F5A0 (client.dll + 0x233F5A0)
08:12:42 [DEBUG] (1) cs2_sdk::analysis::offsets::client: found "dwSensitivity" at 0x7FFAD183CA68 (client.dll + 0x233CA68)
08:12:42 [DEBUG] (1) cs2_sdk::analysis::offsets::client: found "dwSensitivity_sensitivity" at 0x7FFACF500058 (client.dll + 0x58)
08:12:42 [DEBUG] (1) cs2_sdk::analysis::offsets::client: found "dwViewAngles" at 0x7FFAD18548B8 (client.dll + 0x23548B8)
08:12:42 [DEBUG] (1) cs2_sdk::analysis::offsets::client: found "dwViewMatrix" at 0x7FFAD1844B30 (client.dll + 0x2344B30)
08:12:42 [DEBUG] (1) cs2_sdk::analysis::offsets::client: found "dwViewRender" at 0x7FFAD1844ED8 (client.dll + 0x2344ED8)
08:12:42 [DEBUG] (1) cs2_sdk::analysis::offsets::client: found "dwWeaponC4" at 0x7FFAD17BCD00 (client.dll + 0x22BCD00)
08:12:42 [DEBUG] (1) cs2_sdk::analysis::offsets::engine2: found "dwBuildNumber" at 0x7FFAE4F2CC74 (engine2.dll + 0x60CC74)
08:12:42 [DEBUG] (1) cs2_sdk::analysis::offsets::engine2: found "dwNetworkGameClient" at 0x7FFAE522A1A0 (engine2.dll + 0x90A1A0)
08:12:42 [DEBUG] (1) cs2_sdk::analysis::offsets::engine2: found "dwNetworkGameClient_clientTickCount" at 0x7FFAE4920378 (engine2.dll + 0x378)
08:12:42 [DEBUG] (1) cs2_sdk::analysis::offsets::engine2: found "dwNetworkGameClient_deltaTick" at 0x7FFAE492024C (engine2.dll + 0x24C)
08:12:42 [DEBUG] (1) cs2_sdk::analysis::offsets::engine2: found "dwNetworkGameClient_isBackgroundMap" at 0x7FFAE4BE141F (engine2.dll + 0x2C141F)
08:12:42 [DEBUG] (1) cs2_sdk::analysis::offsets::engine2: found "dwNetworkGameClient_localPlayer" at 0x7FFAE49200F8 (engine2.dll + 0xF8)
08:12:42 [DEBUG] (1) cs2_sdk::analysis::offsets::engine2: found "dwNetworkGameClient_maxClients" at 0x7FFAE4920240 (engine2.dll + 0x240)
08:12:42 [DEBUG] (1) cs2_sdk::analysis::offsets::engine2: found "dwNetworkGameClient_serverTickCount" at 0x7FFAE492024C (engine2.dll + 0x24C)
08:12:42 [DEBUG] (1) cs2_sdk::analysis::offsets::engine2: found "dwNetworkGameClient_signOnState" at 0x7FFAE4920230 (engine2.dll + 0x230)
08:12:42 [DEBUG] (1) cs2_sdk::analysis::offsets::engine2: found "dwWindowHeight" at 0x7FFAE522E5C4 (engine2.dll + 0x90E5C4)
08:12:42 [DEBUG] (1) cs2_sdk::analysis::offsets::engine2: found "dwWindowWidth" at 0x7FFAE522E5C0 (engine2.dll + 0x90E5C0)
08:12:42 [DEBUG] (1) cs2_sdk::analysis::offsets::input_system: found "dwInputSystem" at 0x7FFB37B22B50 (input_system.dll + 0x42B50)
08:12:42 [DEBUG] (1) cs2_sdk::analysis::offsets::matchmaking: found "dwGameTypes" at 0x7FFAD22C0F80 (matchmaking.dll + 0x1B0F80)
08:12:42 [DEBUG] (1) cs2_sdk::analysis::offsets::soundsystem: found "dwSoundSystem" at 0x7FFAE07A2360 (soundsystem.dll + 0x512360)
08:12:42 [DEBUG] (1) cs2_sdk::analysis::offsets::soundsystem: found "dwSoundSystem_engineViewData" at 0x7FFAE029007C (soundsystem.dll + 0x7C)
08:12:42 [INFO] found 32 offsets across 5 modules
08:12:42 [DEBUG] (1) cs2_sdk::analysis::schemas: module "schemasystem.dll" contains 7 class(es) and 2 enum(s)
08:12:42 [DEBUG] (1) cs2_sdk::analysis::schemas: module "resourcesystem.dll" contains 58 class(es) and 2 enum(s)
08:12:42 [DEBUG] (1) cs2_sdk::analysis::schemas: module "rendersystemdx11.dll" contains 8 class(es) and 8 enum(s)
08:12:42 [DEBUG] (1) cs2_sdk::analysis::schemas: module "engine2.dll" contains 56 class(es) and 2 enum(s)
08:12:42 [DEBUG] (1) cs2_sdk::analysis::schemas: module "materialsystem2.dll" contains 14 class(es) and 5 enum(s)
08:12:42 [DEBUG] (1) cs2_sdk::analysis::schemas: module "networksystem.dll" contains 1 class(es) and 0 enum(s)
08:12:42 [DEBUG] (1) cs2_sdk::analysis::schemas: module "animationsystem.dll" contains 695 class(es) and 148 enum(s)
08:12:42 [DEBUG] (1) cs2_sdk::analysis::schemas: module "vphysics2.dll" contains 110 class(es) and 5 enum(s)
08:12:42 [DEBUG] (1) cs2_sdk::analysis::schemas: module "soundsystem.dll" contains 136 class(es) and 26 enum(s)
08:12:42 [DEBUG] (1) cs2_sdk::analysis::schemas: module "steamaudio.dll" contains 17 class(es) and 0 enum(s)
08:12:42 [DEBUG] (1) cs2_sdk::analysis::schemas: module "scenesystem.dll" contains 9 class(es) and 5 enum(s)
08:12:42 [DEBUG] (1) cs2_sdk::analysis::schemas: module "worldrenderer.dll" contains 32 class(es) and 3 enum(s)
08:12:42 [DEBUG] (1) cs2_sdk::analysis::schemas: module "pulse_system.dll" contains 99 class(es) and 5 enum(s)
08:12:42 [DEBUG] (1) cs2_sdk::analysis::schemas: module "particles.dll" contains 501 class(es) and 76 enum(s)
08:12:42 [DEBUG] (1) cs2_sdk::analysis::schemas: module "panorama.dll" contains 0 class(es) and 2 enum(s)
08:12:42 [DEBUG] (1) cs2_sdk::analysis::schemas: module "server.dll" contains 944 class(es) and 179 enum(s)
08:12:42 [DEBUG] (1) cs2_sdk::analysis::schemas: module "client.dll" contains 535 class(es) and 12 enum(s)
08:12:42 [DEBUG] (1) cs2_sdk::analysis::schemas: module "host.dll" contains 2 class(es) and 0 enum(s)
08:12:42 [INFO] found 3224 classes and 480 enums across 18 modules
08:12:42 [INFO] scanning client.dll for skinchanger patterns
08:12:42 [INFO] found EquipItemInLoadout: 0x7C3EF0
08:12:42 [INFO] found SetMeshGroupMask: 0xA30970
08:12:42 [INFO] found GetItemInLoadout: 0x7C5B10
08:12:42 [INFO] found SetModel: 0x8DDB20
08:12:42 [INFO] found RegenerateWeaponSkin: 0x78DE60
08:12:42 [INFO] found CreateSOSubclassEconItem: 0x1006830
08:12:42 [INFO] scanning materialsystem2.dll for material patterns
08:12:42 [INFO] found FindParameter: 0x11E30
08:12:42 [INFO] found PrepareSceneMaterial: 0x11BE0
08:12:42 [INFO] found UpdateParameter: 0x12370
08:12:42 [INFO] skinchanger analysis complete: found 9 patterns across 2 modules
08:12:42 [INFO] found 9 skinchanger patterns across 2 modules
08:12:42 [DEBUG] (1) cs2_sdk::analysis::vtables: animationsystem.dll::AnimationSystemUtils_001 vtable @ animationsystem.dll+0x6EB6B0 (3 methods, rtti=Some("CAnimationSystemUtils"))
08:12:42 [DEBUG] (1) cs2_sdk::analysis::vtables: animationsystem.dll::AnimationSystem_001 vtable @ animationsystem.dll+0x6EB8D8 (216 methods, rtti=Some("CAnimationSystem"))
08:12:42 [DEBUG] (1) cs2_sdk::analysis::vtables: client.dll::ClientToolsInfo_001 vtable @ client.dll+0x1AAECB8 (11 methods, rtti=Some("CClientToolsInfo"))
08:12:42 [DEBUG] (1) cs2_sdk::analysis::vtables: client.dll::EmptyWorldService001_Client vtable @ client.dll+0x1A0DC18 (23 methods, rtti=Some("CEmptyWorldService"))
08:12:42 [DEBUG] (1) cs2_sdk::analysis::vtables: client.dll::GameClientExports001 vtable @ client.dll+0x1AAF678 (19 methods, rtti=Some("CGameClientExports"))
08:12:42 [DEBUG] (1) cs2_sdk::analysis::vtables: client.dll::LegacyGameUI001 vtable @ client.dll+0x1AFB528 (37 methods, rtti=Some("CLegacyGameUI"))
08:12:42 [DEBUG] (1) cs2_sdk::analysis::vtables: client.dll::Source2Client002 vtable @ client.dll+0x1AB1E58 (231 methods, rtti=Some("CSource2Client"))
08:12:42 [DEBUG] (1) cs2_sdk::analysis::vtables: client.dll::Source2ClientConfig001 vtable @ client.dll+0x19FD750 (64 methods, rtti=Some("CCSGameConfiguration"))
08:12:42 [DEBUG] (1) cs2_sdk::analysis::vtables: client.dll::Source2ClientPrediction001 vtable @ client.dll+0x1AC0360 (34 methods, rtti=Some("CPrediction"))
08:12:42 [DEBUG] (1) cs2_sdk::analysis::vtables: client.dll::Source2ClientUI001 vtable @ client.dll+0x1AEFD70 (29 methods, rtti=Some("CCsgoClientUI"))
08:12:42 [DEBUG] (1) cs2_sdk::analysis::vtables: engine2.dll::BenchmarkService001 vtable @ engine2.dll+0x56B480 (73 methods, rtti=Some("CBenchmarkService"))
08:12:42 [DEBUG] (1) cs2_sdk::analysis::vtables: engine2.dll::BugService001 vtable @ engine2.dll+0x56BF78 (23 methods, rtti=Some("CBugService"))
08:12:42 [DEBUG] (1) cs2_sdk::analysis::vtables: engine2.dll::ClientServerEngineLoopService_001 vtable @ engine2.dll+0x580438 (28 methods, rtti=Some("CLoopTypeClientServerService"))
08:12:42 [DEBUG] (1) cs2_sdk::analysis::vtables: engine2.dll::ClientServerSharedHandleSystem001 vtable @ engine2.dll+0x577BB0 (14 methods, rtti=Some("CClientServerSharedHandleSystem"))
08:12:42 [DEBUG] (1) cs2_sdk::analysis::vtables: engine2.dll::EngineGameUI001 vtable @ engine2.dll+0x553860 (31 methods, rtti=Some("CEngineGameUI"))
08:12:42 [DEBUG] (1) cs2_sdk::analysis::vtables: engine2.dll::EngineServiceMgr001 vtable @ engine2.dll+0x57CF28 (64 methods, rtti=Some("CEngineServiceMgr"))
08:12:42 [DEBUG] (1) cs2_sdk::analysis::vtables: engine2.dll::GameEventSystemClientV001 vtable @ engine2.dll+0x57DC00 (95 methods, rtti=Some("CGameEventSystem"))
08:12:42 [DEBUG] (1) cs2_sdk::analysis::vtables: engine2.dll::GameEventSystemServerV001 vtable @ engine2.dll+0x57DC00 (95 methods, rtti=Some("CGameEventSystem"))
08:12:42 [DEBUG] (1) cs2_sdk::analysis::vtables: engine2.dll::GameResourceServiceClientV001 vtable @ engine2.dll+0x56C9F8 (89 methods, rtti=Some("CGameResourceService"))
08:12:42 [DEBUG] (1) cs2_sdk::analysis::vtables: engine2.dll::GameResourceServiceServerV001 vtable @ engine2.dll+0x56C9F8 (89 methods, rtti=Some("CGameResourceService"))
08:12:42 [DEBUG] (1) cs2_sdk::analysis::vtables: engine2.dll::GameUIService_001 vtable @ engine2.dll+0x56D5B8 (46 methods, rtti=Some("CGameUIService"))
08:12:42 [DEBUG] (1) cs2_sdk::analysis::vtables: engine2.dll::HostStateMgr001 vtable @ engine2.dll+0x57E360 (27 methods, rtti=Some("CHostStateMgr"))
08:12:42 [DEBUG] (1) cs2_sdk::analysis::vtables: engine2.dll::INETSUPPORT_001 vtable @ engine2.dll+0x54A238 (140 methods, rtti=Some("CNetSupportImpl"))
08:12:42 [DEBUG] (1) cs2_sdk::analysis::vtables: engine2.dll::InputService_001 vtable @ engine2.dll+0x56FFE8 (66 methods, rtti=Some("CInputService"))
08:12:42 [DEBUG] (1) cs2_sdk::analysis::vtables: engine2.dll::KeyValueCache001 vtable @ engine2.dll+0x57E458 (17 methods, rtti=Some("CKeyValueCache"))
08:12:42 [DEBUG] (1) cs2_sdk::analysis::vtables: engine2.dll::MapListService_001 vtable @ engine2.dll+0x570320 (26 methods, rtti=Some("CMapListService"))
08:12:42 [DEBUG] (1) cs2_sdk::analysis::vtables: engine2.dll::NetworkClientService_001 vtable @ engine2.dll+0x571D00 (64 methods, rtti=Some("CNetworkClientService"))
08:12:42 [DEBUG] (1) cs2_sdk::analysis::vtables: engine2.dll::NetworkP2PService_001 vtable @ engine2.dll+0x572A88 (152 methods, rtti=Some("CNetworkP2PService"))
08:12:42 [DEBUG] (1) cs2_sdk::analysis::vtables: engine2.dll::NetworkServerService_001 vtable @ engine2.dll+0x572D98 (54 methods, rtti=Some("CNetworkServerService"))
08:12:42 [DEBUG] (1) cs2_sdk::analysis::vtables: engine2.dll::NetworkService_001 vtable @ engine2.dll+0x573B00 (49 methods, rtti=Some("CNetworkService"))
08:12:42 [DEBUG] (1) cs2_sdk::analysis::vtables: engine2.dll::RenderService_001 vtable @ engine2.dll+0x574498 (58 methods, rtti=Some("CRenderService"))
08:12:42 [DEBUG] (1) cs2_sdk::analysis::vtables: engine2.dll::ScreenshotService001 vtable @ engine2.dll+0x574818 (26 methods, rtti=Some("CScreenshotService"))
08:12:42 [DEBUG] (1) cs2_sdk::analysis::vtables: engine2.dll::SimpleEngineLoopService_001 vtable @ engine2.dll+0x580580 (29 methods, rtti=Some("CLoopTypeSimpleService"))
08:12:42 [DEBUG] (1) cs2_sdk::analysis::vtables: engine2.dll::SoundService_001 vtable @ engine2.dll+0x5757B8 (37 methods, rtti=Some("CSoundService"))
08:12:42 [DEBUG] (1) cs2_sdk::analysis::vtables: engine2.dll::Source2EngineToClient001 vtable @ engine2.dll+0x534A10 (191 methods, rtti=Some("CEngineClient"))
08:12:42 [DEBUG] (1) cs2_sdk::analysis::vtables: engine2.dll::Source2EngineToClientStringTable001 vtable @ engine2.dll+0x54A3B0 (93 methods, rtti=Some("CNetworkStringTableContainer"))
08:12:42 [DEBUG] (1) cs2_sdk::analysis::vtables: engine2.dll::Source2EngineToServer001 vtable @ engine2.dll+0x53BC68 (164 methods, rtti=Some("CEngineServer"))
08:12:42 [DEBUG] (1) cs2_sdk::analysis::vtables: engine2.dll::Source2EngineToServerStringTable001 vtable @ engine2.dll+0x54A3B0 (93 methods, rtti=Some("CNetworkStringTableContainer"))
08:12:42 [DEBUG] (1) cs2_sdk::analysis::vtables: engine2.dll::SplitScreenService_001 vtable @ engine2.dll+0x576328 (48 methods, rtti=Some("CSplitScreenService"))
08:12:42 [DEBUG] (1) cs2_sdk::analysis::vtables: engine2.dll::StatsService_001 vtable @ engine2.dll+0x576B60 (34 methods, rtti=Some("CStatsService"))
08:12:42 [DEBUG] (1) cs2_sdk::analysis::vtables: engine2.dll::ToolService_001 vtable @ engine2.dll+0x577018 (91 methods, rtti=Some("CToolService"))
08:12:42 [DEBUG] (1) cs2_sdk::analysis::vtables: engine2.dll::VENGINE_GAMEUIFUNCS_VERSION005 vtable @ engine2.dll+0x553980 (23 methods, rtti=Some("CGameUIFuncs"))
08:12:42 [DEBUG] (1) cs2_sdk::analysis::vtables: engine2.dll::VProfService_001 vtable @ engine2.dll+0x577880 (25 methods, rtti=Some("CVProfService"))
08:12:42 [DEBUG] (1) cs2_sdk::analysis::vtables: filesystem_stdio.dll::VAsyncFileSystem2_001 vtable @ filesystem_stdio.dll+0x1AEDF8 (25 methods, rtti=Some("CAsyncFileSystem2"))
08:12:42 [DEBUG] (1) cs2_sdk::analysis::vtables: filesystem_stdio.dll::VFileSystem017 vtable @ filesystem_stdio.dll+0x1B0EC8 (141 methods, rtti=Some("CFileSystem_Stdio"))
08:12:42 [DEBUG] (1) cs2_sdk::analysis::vtables: host.dll::DebugDrawQueueManager001 vtable @ host.dll+0x116B68 (14 methods, rtti=Some("CDebugDrawQueueMgr"))
08:12:42 [DEBUG] (1) cs2_sdk::analysis::vtables: host.dll::GameModelInfo001 vtable @ host.dll+0x116C38 (17 methods, rtti=Some("CGameModelInfo"))
08:12:42 [DEBUG] (1) cs2_sdk::analysis::vtables: host.dll::GameSystem2HostHook vtable @ host.dll+0x116D80 (15 methods, rtti=Some("CGameSystem2HostHook"))
08:12:42 [DEBUG] (1) cs2_sdk::analysis::vtables: host.dll::HostUtils001 vtable @ host.dll+0x116F60 (22 methods, rtti=Some("CHostUtils"))
08:12:42 [DEBUG] (1) cs2_sdk::analysis::vtables: host.dll::PredictionDiffManager001 vtable @ host.dll+0x117C38 (15 methods, rtti=Some("CPredictionDiffMgr"))
08:12:42 [DEBUG] (1) cs2_sdk::analysis::vtables: host.dll::SaveRestoreDataVersion001 vtable @ host.dll+0x117CD8 (29 methods, rtti=Some("CSaveRestoreDataMgr"))
08:12:42 [DEBUG] (1) cs2_sdk::analysis::vtables: host.dll::SinglePlayerSharedMemory001 vtable @ host.dll+0x117E50 (12 methods, rtti=Some("CSPSharedMemoryManager"))
08:12:42 [DEBUG] (1) cs2_sdk::analysis::vtables: host.dll::Source2Host001 vtable @ host.dll+0x117F60 (16 methods, rtti=Some("CSource2HostBase"))
08:12:42 [DEBUG] (1) cs2_sdk::analysis::vtables: imemanager.dll::IMEManager001 vtable @ imemanager.dll+0x2F610 (23 methods, rtti=Some("CIMEManager"))
08:12:42 [DEBUG] (1) cs2_sdk::analysis::vtables: inputsystem.dll::InputStackSystemVersion001 vtable @ inputsystem.dll+0x33870 (30 methods, rtti=Some("CInputStackSystem"))
08:12:42 [DEBUG] (1) cs2_sdk::analysis::vtables: inputsystem.dll::InputSystemVersion001 vtable @ inputsystem.dll+0x35350 (107 methods, rtti=Some("CInputSystem"))
08:12:42 [DEBUG] (1) cs2_sdk::analysis::vtables: localize.dll::Localize_001 vtable @ localize.dll+0x56808 (117 methods, rtti=Some("CLocalize"))
08:12:42 [DEBUG] (1) cs2_sdk::analysis::vtables: matchmaking.dll::GameTypes001 vtable @ matchmaking.dll+0x183350 (76 methods, rtti=Some("GameTypes"))
08:12:42 [DEBUG] (1) cs2_sdk::analysis::vtables: matchmaking.dll::MATCHFRAMEWORK_001 vtable @ matchmaking.dll+0x160550 (30 methods, rtti=Some("CMatchFramework"))
08:12:42 [DEBUG] (1) cs2_sdk::analysis::vtables: materialsystem2.dll::FontManager_001 vtable @ materialsystem2.dll+0x127998 (44 methods, rtti=Some("CFontManager"))
08:12:42 [DEBUG] (1) cs2_sdk::analysis::vtables: materialsystem2.dll::MaterialUtils_001 vtable @ materialsystem2.dll+0x129010 (80 methods, rtti=Some("CMaterialSystem2Utils"))
08:12:42 [DEBUG] (1) cs2_sdk::analysis::vtables: materialsystem2.dll::PostProcessingSystem_001 vtable @ materialsystem2.dll+0x128840 (22 methods, rtti=Some("CPostProcessingSystem"))
08:12:42 [DEBUG] (1) cs2_sdk::analysis::vtables: materialsystem2.dll::TextLayout_001 vtable @ materialsystem2.dll+0x128E70 (132 methods, rtti=Some("CTextLayout"))
08:12:42 [DEBUG] (1) cs2_sdk::analysis::vtables: materialsystem2.dll::VMaterialSystem2_001 vtable @ materialsystem2.dll+0x126E50 (57 methods, rtti=Some("CMaterialSystem2"))
08:12:42 [DEBUG] (1) cs2_sdk::analysis::vtables: meshsystem.dll::MeshSystem001 vtable @ meshsystem.dll+0x1283A0 (47 methods, rtti=Some("CMeshSystem"))
08:12:42 [DEBUG] (1) cs2_sdk::analysis::vtables: navsystem.dll::NavSystem001 vtable @ navsystem.dll+0x108210 (13 methods, rtti=Some("CNavSystem"))
08:12:42 [DEBUG] (1) cs2_sdk::analysis::vtables: networksystem.dll::FlattenedSerializersVersion001 vtable @ networksystem.dll+0x22A298 (92 methods, rtti=Some("CFlattenedSerializers"))
08:12:42 [DEBUG] (1) cs2_sdk::analysis::vtables: networksystem.dll::NetworkMessagesVersion001 vtable @ networksystem.dll+0x22EC08 (87 methods, rtti=Some("CNetworkMessages"))
08:12:42 [DEBUG] (1) cs2_sdk::analysis::vtables: networksystem.dll::NetworkSystemVersion001 vtable @ networksystem.dll+0x2314A8 (62 methods, rtti=Some("CNetworkSystem"))
08:12:42 [DEBUG] (1) cs2_sdk::analysis::vtables: networksystem.dll::SerializedEntitiesVersion001 vtable @ networksystem.dll+0x2353B8 (25 methods, rtti=Some("CSerializedEntities"))
08:12:42 [DEBUG] (1) cs2_sdk::analysis::vtables: panorama.dll::PanoramaUIEngine001 vtable @ panorama.dll+0x442D70 (18 methods, rtti=Some("CPanoramaUIEngine"))
08:12:42 [DEBUG] (1) cs2_sdk::analysis::vtables: panorama_text_pango.dll::PanoramaTextServices001 vtable @ panorama_text_pango.dll+0x24DCC8 (47 methods, rtti=Some("panorama::CUITextServicesPango"))
08:12:42 [DEBUG] (1) cs2_sdk::analysis::vtables: panoramauiclient.dll::PanoramaUIClient001 vtable @ panoramauiclient.dll+0x25A2D8 (35 methods, rtti=Some("CPanoramaUIClient"))
08:12:42 [DEBUG] (1) cs2_sdk::analysis::vtables: particles.dll::ParticleSystemMgr003 vtable @ particles.dll+0x4543F8 (63 methods, rtti=Some("CParticleSystemMgr"))
08:12:42 [DEBUG] (1) cs2_sdk::analysis::vtables: pulse_system.dll::IPulseSystem_001 vtable @ pulse_system.dll+0x166C68 (76 methods, rtti=Some("CPulseSystem"))
08:12:42 [DEBUG] (1) cs2_sdk::analysis::vtables: rendersystemdx11.dll::RenderDeviceMgr001 vtable @ rendersystemdx11.dll+0x3ED678 (42 methods, rtti=Some("CRenderDeviceMgrDx11"))
08:12:42 [DEBUG] (1) cs2_sdk::analysis::vtables: rendersystemdx11.dll::RenderUtils_001 vtable @ rendersystemdx11.dll+0x3EEE68 (17 methods, rtti=Some("CRenderUtils"))
08:12:42 [DEBUG] (1) cs2_sdk::analysis::vtables: rendersystemdx11.dll::VRenderDeviceMgrBackdoor001 vtable @ rendersystemdx11.dll+0x3ED660 (45 methods, rtti=Some("CRenderDeviceMgrDx11"))
08:12:42 [DEBUG] (1) cs2_sdk::analysis::vtables: resourcesystem.dll::ResourceSystem013 vtable @ resourcesystem.dll+0x60E88 (117 methods, rtti=Some("CResourceSystem"))
08:12:42 [DEBUG] (1) cs2_sdk::analysis::vtables: scenefilecache.dll::ResponseRulesCache001 vtable @ scenefilecache.dll+0xD25F8 (19 methods, rtti=Some("CResponseRulesFileCache"))
08:12:42 [DEBUG] (1) cs2_sdk::analysis::vtables: scenefilecache.dll::SceneFileCache002 vtable @ scenefilecache.dll+0xD2B58 (14 methods, rtti=Some("CSceneFileCache"))
08:12:42 [DEBUG] (1) cs2_sdk::analysis::vtables: scenesystem.dll::RenderingPipelines_001 vtable @ scenesystem.dll+0x5DACE0 (11 methods, rtti=Some("CRenderingPipelines"))
08:12:42 [DEBUG] (1) cs2_sdk::analysis::vtables: scenesystem.dll::SceneSystem_002 vtable @ scenesystem.dll+0x5E22D0 (193 methods, rtti=Some("CSceneSystem"))
08:12:42 [DEBUG] (1) cs2_sdk::analysis::vtables: scenesystem.dll::SceneUtils_001 vtable @ scenesystem.dll+0x5EAB10 (83 methods, rtti=Some("CSceneUtils"))
08:12:42 [DEBUG] (1) cs2_sdk::analysis::vtables: schemasystem.dll::SchemaSystem_001 vtable @ schemasystem.dll+0x54B20 (222 methods, rtti=Some("CSchemaSystem"))
08:12:42 [DEBUG] (1) cs2_sdk::analysis::vtables: server.dll::EmptyWorldService001_Server vtable @ server.dll+0x16E1030 (23 methods, rtti=Some("CEmptyWorldService"))
08:12:42 [DEBUG] (1) cs2_sdk::analysis::vtables: server.dll::EntitySubclassUtilsV001 vtable @ server.dll+0x1620850 (89 methods, rtti=Some("CServerEntitySubclassUtils"))
08:12:42 [DEBUG] (1) cs2_sdk::analysis::vtables: server.dll::NavGameTest001 vtable @ server.dll+0x1821518 (12 methods, rtti=Some("CNavGameTest"))
08:12:42 [DEBUG] (1) cs2_sdk::analysis::vtables: server.dll::ServerToolsInfo_001 vtable @ server.dll+0x1797368 (12 methods, rtti=Some("CServerToolsInfo"))
08:12:42 [DEBUG] (1) cs2_sdk::analysis::vtables: server.dll::Source2GameClients001 vtable @ server.dll+0x17991E0 (256 methods, rtti=Some("CSource2GameClients"))
08:12:42 [DEBUG] (1) cs2_sdk::analysis::vtables: server.dll::Source2GameDirector001 vtable @ server.dll+0x15B1FD0 (19 methods, rtti=Some("CCSHLTVDirector"))
08:12:42 [DEBUG] (1) cs2_sdk::analysis::vtables: server.dll::Source2GameEntities001 vtable @ server.dll+0x1797BD8 (25 methods, rtti=Some("CSource2GameEntities"))
08:12:42 [DEBUG] (1) cs2_sdk::analysis::vtables: server.dll::Source2Server001 vtable @ server.dll+0x1797CC0 (101 methods, rtti=Some("CSource2Server"))
08:12:42 [DEBUG] (1) cs2_sdk::analysis::vtables: server.dll::Source2ServerConfig001 vtable @ server.dll+0x16CC8D8 (29 methods, rtti=Some("CCSGameConfiguration"))
08:12:42 [DEBUG] (1) cs2_sdk::analysis::vtables: server.dll::customnavsystem001 vtable @ server.dll+0x15EB0F0 (14 methods, rtti=Some("CCustomNavGenSystem"))
08:12:42 [DEBUG] (1) cs2_sdk::analysis::vtables: soundsystem.dll::SoundOpSystem001 vtable @ soundsystem.dll+0x4987D8 (256 methods, rtti=Some("CSoundOpSystem"))
08:12:42 [DEBUG] (1) cs2_sdk::analysis::vtables: soundsystem.dll::SoundOpSystemEdit001 vtable @ soundsystem.dll+0x4845C0 (100 methods, rtti=Some("CSosEdit"))
08:12:42 [DEBUG] (1) cs2_sdk::analysis::vtables: soundsystem.dll::SoundSystem001 vtable @ soundsystem.dll+0x480390 (133 methods, rtti=Some("CSoundSystem"))
08:12:42 [DEBUG] (1) cs2_sdk::analysis::vtables: steamaudio.dll::SteamAudio001 vtable @ steamaudio.dll+0x1ED578 (99 methods, rtti=Some("CSteamAudio"))
08:12:42 [DEBUG] (1) cs2_sdk::analysis::vtables: tier0.dll::TestScriptMgr001 vtable @ tier0.dll+0x32CF60 (18 methods, rtti=Some("CTestScriptMgr"))
08:12:42 [DEBUG] (1) cs2_sdk::analysis::vtables: tier0.dll::VEngineCvar007 vtable @ tier0.dll+0x3121B8 (50 methods, rtti=Some("CCvar"))
08:12:42 [DEBUG] (1) cs2_sdk::analysis::vtables: tier0.dll::VProcessUtils002 vtable @ tier0.dll+0x32B2E0 (59 methods, rtti=Some("CProcessUtils"))
08:12:42 [DEBUG] (1) cs2_sdk::analysis::vtables: tier0.dll::VStringTokenSystem001 vtable @ tier0.dll+0x32FCD0 (13 methods, rtti=Some("CUtlStringTokenSystem"))
08:12:42 [DEBUG] (1) cs2_sdk::analysis::vtables: v8system.dll::Source2V8System001 vtable @ v8system.dll+0x2AF18 (19 methods, rtti=Some("CSource2V8System"))
08:12:42 [DEBUG] (1) cs2_sdk::analysis::vtables: vconcomm.dll::VConComm001 vtable @ vconcomm.dll+0x2D848 (50 methods, rtti=Some("CVConComm"))
08:12:42 [DEBUG] (1) cs2_sdk::analysis::vtables: vphysics2.dll::VPhysics2_Interface_001 vtable @ vphysics2.dll+0x3AD798 (169 methods, rtti=Some("CVPhysics2Interface"))
08:12:42 [DEBUG] (1) cs2_sdk::analysis::vtables: vscript.dll::VScriptManager010 vtable @ vscript.dll+0x129030 (59 methods, rtti=Some("CScriptManager"))
08:12:42 [DEBUG] (1) cs2_sdk::analysis::vtables: worldrenderer.dll::WorldRendererMgr001 vtable @ worldrenderer.dll+0x195E58 (102 methods, rtti=Some("CWorldRendererMgr"))
08:12:42 [INFO] dumped 108 interface vtables (6880 method slots, 108 class names recovered via RTTI) across 32 modules
08:13:03 [WARN] 39 signature(s) matched more than once in their .text section — consider tightening
